<?xml version="1.0" encoding="UTF-8" ?>
<testsuite errors="0" failures="0" hostname="Jason-Laptop" name="com.uk.leftyleague.service.PointsMultiplierEvaluatorServiceTests" tests="1" time="1.184" timestamp="2013-05-23T21:58:10">
  <properties />
  <testcase classname="com.uk.leftyleague.service.PointsMultiplierEvaluatorServiceTests" name="testSomething" time="1.163" />
  <system-out><![CDATA[--Output from testSomething--
]]></system-out>
  <system-err><![CDATA[--Output from testSomething--
]]></system-err>
</testsuite>
